<?xml version="1.0" encoding="UTF-8"?>
<testng-results skipped="0" failed="0" ignored="0" total="1" passed="1">
  <reporter-output>
  </reporter-output>
  <suite name="Default suite" duration-ms="1260" started-at="2020-06-21T10:54:58 EDT" finished-at="2020-06-21T10:54:59 EDT">
    <groups>
    </groups>
    <test name="Default test" duration-ms="1260" started-at="2020-06-21T10:54:58 EDT" finished-at="2020-06-21T10:54:59 EDT">
      <class name="FirstConnectionDB.ConnectMySQL">
        <test-method status="PASS" signature="testDB()[pri:0, instance:FirstConnectionDB.ConnectMySQL@71bbf57e]" name="testDB" duration-ms="1219" started-at="2020-06-21T10:54:58 EDT" finished-at="2020-06-21T10:54:59 EDT">
          <reporter-output>
          </reporter-output>
        </test-method> <!-- testDB -->
      </class> <!-- FirstConnectionDB.ConnectMySQL -->
    </test> <!-- Default test -->
  </suite> <!-- Default suite -->
</testng-results>
